youtube.com
twitch.tv
github.com

mail.proton.me
mail.google.com

amazon.de
amazon.com

get.videolan.org
mirror.2degrees.nz

steamserver.net
steampowered.com
steamstatic.com
steamcommunity.com
steamcontent.com
steamusercontent.com
steam-chat.com

downloadmirror.intel.com
intel.com

glasfaserforum.de
stromauskunft.de
vodafone.de
telekom.de
check24.de

google.com
duckduckgo.com

avianca.com
shop.lufthansa.com
api.travelid.lufthansa.com
kayak.de

web.whatsapp.com

155.133.226.0/24
162.254.197.0/24
84.46.0.0/17
